[02-Sep-2017 02:39:48 UTC] PHP Warning:  Unknown: php_network_getaddresses: getaddrinfo failed: Name or service not known in Unknown on line 0
[02-Sep-2017 02:39:57 UTC] PHP Warning:  Unknown: php_network_getaddresses: getaddrinfo failed: Name or service not known in Unknown on line 0
[08-Sep-2017 07:39:37 Asia/Tokyo] PHP Fatal error:  Allowed memory size of 134217728 bytes exhausted (tried to allocate 78953904 bytes) in /home/ubuntu/workspace/interfree/vendor/laravel/framework/src/Illuminate/View/Concerns/ManagesLayouts.php on line 93
[08-Sep-2017 07:39:37 Asia/Tokyo] PHP Fatal error:  Allowed memory size of 134217728 bytes exhausted (tried to allocate 79048704 bytes) in /home/ubuntu/workspace/interfree/vendor/symfony/http-foundation/Response.php on line 1266
[08-Sep-2017 07:39:41 Asia/Tokyo] PHP Fatal error:  Allowed memory size of 134217728 bytes exhausted (tried to allocate 65028096 bytes) in /home/ubuntu/workspace/interfree/storage/framework/views/e85da8c216ebda42bf771ae476ae40edf9f16c46.php on line 4
[08-Sep-2017 07:39:41 Asia/Tokyo] PHP Fatal error:  Allowed memory size of 134217728 bytes exhausted (tried to allocate 65105920 bytes) in /home/ubuntu/workspace/interfree/vendor/symfony/http-foundation/Response.php on line 371
[12-Sep-2017 18:31:45 Asia/Tokyo] PHP Fatal error:  Maximum execution time of 60 seconds exceeded in /home/ubuntu/workspace/interfree/vendor/composer/ClassLoader.php on line 444
[12-Sep-2017 18:39:02 Asia/Tokyo] PHP Parse error:  syntax error, unexpected foreach (T_FOREACH) in /home/ubuntu/workspace/interfree/app/User.php on line 54
[12-Sep-2017 18:39:02 Asia/Tokyo] PHP Fatal error:  Exception thrown without a stack frame in Unknown on line 0
[12-Sep-2017 18:39:02 Asia/Tokyo] PHP Parse error:  syntax error, unexpected 'foreach' (T_FOREACH) in /home/ubuntu/workspace/interfree/app/User.php on line 54
[12-Sep-2017 18:39:02 Asia/Tokyo] PHP Fatal error:  Exception thrown without a stack frame in Unknown on line 0
[12-Sep-2017 18:39:19 Asia/Tokyo] PHP Parse error:  syntax error, unexpected foreach (T_FOREACH) in /home/ubuntu/workspace/interfree/app/User.php on line 54
[12-Sep-2017 18:39:19 Asia/Tokyo] PHP Fatal error:  Exception thrown without a stack frame in Unknown on line 0
[12-Sep-2017 18:39:19 Asia/Tokyo] PHP Parse error:  syntax error, unexpected 'foreach' (T_FOREACH) in /home/ubuntu/workspace/interfree/app/User.php on line 54
[12-Sep-2017 18:39:19 Asia/Tokyo] PHP Fatal error:  Exception thrown without a stack frame in Unknown on line 0
[12-Sep-2017 18:40:38 Asia/Tokyo] PHP Parse error:  syntax error, unexpected foreach (T_FOREACH) in /home/ubuntu/workspace/interfree/app/User.php on line 54
[12-Sep-2017 18:40:38 Asia/Tokyo] PHP Fatal error:  Exception thrown without a stack frame in Unknown on line 0
[12-Sep-2017 18:40:38 Asia/Tokyo] PHP Parse error:  syntax error, unexpected 'foreach' (T_FOREACH) in /home/ubuntu/workspace/interfree/app/User.php on line 54
[12-Sep-2017 18:40:38 Asia/Tokyo] PHP Fatal error:  Exception thrown without a stack frame in Unknown on line 0
[12-Sep-2017 18:40:42 Asia/Tokyo] PHP Parse error:  syntax error, unexpected foreach (T_FOREACH) in /home/ubuntu/workspace/interfree/app/User.php on line 54
[12-Sep-2017 18:40:42 Asia/Tokyo] PHP Fatal error:  Exception thrown without a stack frame in Unknown on line 0
[12-Sep-2017 18:40:42 Asia/Tokyo] PHP Parse error:  syntax error, unexpected 'foreach' (T_FOREACH) in /home/ubuntu/workspace/interfree/app/User.php on line 54
[12-Sep-2017 18:40:42 Asia/Tokyo] PHP Fatal error:  Exception thrown without a stack frame in Unknown on line 0
[12-Sep-2017 21:27:55 Asia/Tokyo] PHP Fatal error:  Maximum execution time of 60 seconds exceeded in /home/ubuntu/workspace/interfree/vendor/composer/ClassLoader.php on line 444
[16-Sep-2017 17:56:19 Asia/Tokyo] PHP Fatal error:  Maximum execution time of 60 seconds exceeded in /home/ubuntu/workspace/interfree/vendor/composer/ClassLoader.php on line 444
[16-Sep-2017 18:00:23 Asia/Tokyo] PHP Fatal error:  Maximum execution time of 60 seconds exceeded in /home/ubuntu/workspace/interfree/vendor/composer/ClassLoader.php on line 444
[16-Sep-2017 19:33:51 Asia/Tokyo] PHP Fatal error:  Maximum execution time of 60 seconds exceeded in /home/ubuntu/workspace/interfree/storage/framework/views/099d1c78955c7d0620be25eac5e25c2280d52681.php on line 4
[16-Sep-2017 19:34:55 Asia/Tokyo] PHP Fatal error:  Maximum execution time of 60 seconds exceeded in /home/ubuntu/workspace/interfree/vendor/symfony/http-foundation/Response.php on line 1266
[16-Sep-2017 19:35:56 Asia/Tokyo] PHP Fatal error:  Maximum execution time of 60 seconds exceeded in /home/ubuntu/workspace/interfree/storage/framework/views/099d1c78955c7d0620be25eac5e25c2280d52681.php on line 4
[16-Sep-2017 19:36:57 Asia/Tokyo] PHP Fatal error:  Maximum execution time of 60 seconds exceeded in /home/ubuntu/workspace/interfree/vendor/symfony/http-foundation/Response.php on line 371
[16-Sep-2017 19:38:05 Asia/Tokyo] PHP Fatal error:  Maximum execution time of 60 seconds exceeded in Unknown on line 0
[16-Sep-2017 19:39:08 Asia/Tokyo] PHP Fatal error:  Maximum execution time of 60 seconds exceeded in /home/ubuntu/workspace/interfree/storage/framework/views/099d1c78955c7d0620be25eac5e25c2280d52681.php on line 4
[16-Sep-2017 19:40:12 Asia/Tokyo] PHP Fatal error:  Maximum execution time of 60 seconds exceeded in /home/ubuntu/workspace/interfree/vendor/symfony/http-foundation/Response.php on line 1266
[16-Sep-2017 19:41:17 Asia/Tokyo] PHP Fatal error:  Maximum execution time of 60 seconds exceeded in /home/ubuntu/workspace/interfree/storage/framework/views/099d1c78955c7d0620be25eac5e25c2280d52681.php on line 4
[16-Sep-2017 19:42:17 Asia/Tokyo] PHP Fatal error:  Maximum execution time of 60 seconds exceeded in /home/ubuntu/workspace/interfree/vendor/symfony/http-foundation/Response.php on line 371
[16-Sep-2017 19:43:20 Asia/Tokyo] PHP Fatal error:  Maximum execution time of 60 seconds exceeded in Unknown on line 0
[16-Sep-2017 19:44:22 Asia/Tokyo] PHP Fatal error:  Maximum execution time of 60 seconds exceeded in /home/ubuntu/workspace/interfree/storage/framework/views/099d1c78955c7d0620be25eac5e25c2280d52681.php on line 4
[16-Sep-2017 19:45:22 Asia/Tokyo] PHP Fatal error:  Maximum execution time of 60 seconds exceeded in /home/ubuntu/workspace/interfree/vendor/symfony/http-foundation/Response.php on line 1266
[16-Sep-2017 20:28:21 Asia/Tokyo] PHP Fatal error:  Maximum execution time of 60 seconds exceeded in /home/ubuntu/workspace/interfree/storage/framework/views/099d1c78955c7d0620be25eac5e25c2280d52681.php on line 4
[16-Sep-2017 20:29:22 Asia/Tokyo] PHP Fatal error:  Maximum execution time of 60 seconds exceeded in /home/ubuntu/workspace/interfree/vendor/symfony/http-foundation/Response.php on line 1266
[16-Sep-2017 20:32:28 Asia/Tokyo] PHP Fatal error:  Maximum execution time of 60 seconds exceeded in /home/ubuntu/workspace/interfree/storage/framework/views/099d1c78955c7d0620be25eac5e25c2280d52681.php on line 4
[16-Sep-2017 20:33:30 Asia/Tokyo] PHP Fatal error:  Maximum execution time of 60 seconds exceeded in /home/ubuntu/workspace/interfree/vendor/symfony/http-foundation/Response.php on line 371
[16-Sep-2017 20:34:30 Asia/Tokyo] PHP Fatal error:  Maximum execution time of 60 seconds exceeded in Unknown on line 0
[16-Sep-2017 20:35:31 Asia/Tokyo] PHP Fatal error:  Maximum execution time of 60 seconds exceeded in /home/ubuntu/workspace/interfree/storage/framework/views/099d1c78955c7d0620be25eac5e25c2280d52681.php on line 4
[16-Sep-2017 20:37:00 Asia/Tokyo] PHP Fatal error:  Maximum execution time of 60 seconds exceeded in /home/ubuntu/workspace/interfree/vendor/symfony/http-foundation/Response.php on line 371
[16-Sep-2017 21:10:18 Asia/Tokyo] PHP Fatal error:  Maximum execution time of 60 seconds exceeded in /home/ubuntu/workspace/interfree/vendor/composer/ClassLoader.php on line 444
[16-Sep-2017 21:17:49 Asia/Tokyo] PHP Fatal error:  Maximum execution time of 60 seconds exceeded in /home/ubuntu/workspace/interfree/storage/framework/views/099d1c78955c7d0620be25eac5e25c2280d52681.php on line 4
[16-Sep-2017 21:18:53 Asia/Tokyo] PHP Fatal error:  Maximum execution time of 60 seconds exceeded in /home/ubuntu/workspace/interfree/vendor/symfony/http-foundation/Response.php on line 1266
[16-Sep-2017 21:58:46 Asia/Tokyo] PHP Fatal error:  Maximum execution time of 60 seconds exceeded in /home/ubuntu/workspace/interfree/storage/framework/views/099d1c78955c7d0620be25eac5e25c2280d52681.php on line 4
[16-Sep-2017 21:59:48 Asia/Tokyo] PHP Fatal error:  Maximum execution time of 60 seconds exceeded in /home/ubuntu/workspace/interfree/vendor/symfony/http-foundation/Response.php on line 1266
[16-Sep-2017 22:06:05 Asia/Tokyo] PHP Fatal error:  Maximum execution time of 60 seconds exceeded in /home/ubuntu/workspace/interfree/storage/framework/views/099d1c78955c7d0620be25eac5e25c2280d52681.php on line 4
[16-Sep-2017 22:07:09 Asia/Tokyo] PHP Fatal error:  Maximum execution time of 60 seconds exceeded in /home/ubuntu/workspace/interfree/vendor/symfony/http-foundation/Response.php on line 1266
[16-Sep-2017 22:09:31 Asia/Tokyo] PHP Fatal error:  Maximum execution time of 60 seconds exceeded in /home/ubuntu/workspace/interfree/storage/framework/views/099d1c78955c7d0620be25eac5e25c2280d52681.php on line 4
[16-Sep-2017 22:10:37 Asia/Tokyo] PHP Fatal error:  Maximum execution time of 60 seconds exceeded in /home/ubuntu/workspace/interfree/vendor/symfony/http-foundation/Response.php on line 1266
[16-Sep-2017 22:11:43 Asia/Tokyo] PHP Fatal error:  Maximum execution time of 60 seconds exceeded in /home/ubuntu/workspace/interfree/storage/framework/views/099d1c78955c7d0620be25eac5e25c2280d52681.php on line 4
[16-Sep-2017 22:12:50 Asia/Tokyo] PHP Fatal error:  Maximum execution time of 60 seconds exceeded in /home/ubuntu/workspace/interfree/vendor/symfony/http-foundation/Response.php on line 1266
[16-Sep-2017 22:14:15 Asia/Tokyo] PHP Fatal error:  Maximum execution time of 60 seconds exceeded in /home/ubuntu/workspace/interfree/storage/framework/views/099d1c78955c7d0620be25eac5e25c2280d52681.php on line 4
[16-Sep-2017 22:15:22 Asia/Tokyo] PHP Fatal error:  Maximum execution time of 60 seconds exceeded in /home/ubuntu/workspace/interfree/vendor/symfony/http-foundation/Response.php on line 1266
[16-Sep-2017 22:16:28 Asia/Tokyo] PHP Fatal error:  Maximum execution time of 60 seconds exceeded in /home/ubuntu/workspace/interfree/storage/framework/views/099d1c78955c7d0620be25eac5e25c2280d52681.php on line 4
[16-Sep-2017 22:17:32 Asia/Tokyo] PHP Fatal error:  Maximum execution time of 60 seconds exceeded in /home/ubuntu/workspace/interfree/vendor/symfony/http-foundation/Response.php on line 1266
[16-Sep-2017 22:18:37 Asia/Tokyo] PHP Fatal error:  Maximum execution time of 60 seconds exceeded in /home/ubuntu/workspace/interfree/storage/framework/views/099d1c78955c7d0620be25eac5e25c2280d52681.php on line 4
[16-Sep-2017 22:19:40 Asia/Tokyo] PHP Fatal error:  Maximum execution time of 60 seconds exceeded in /home/ubuntu/workspace/interfree/vendor/symfony/http-foundation/Response.php on line 1266
[16-Sep-2017 22:20:43 Asia/Tokyo] PHP Fatal error:  Maximum execution time of 60 seconds exceeded in /home/ubuntu/workspace/interfree/storage/framework/views/099d1c78955c7d0620be25eac5e25c2280d52681.php on line 4
[16-Sep-2017 22:22:53 Asia/Tokyo] PHP Fatal error:  Maximum execution time of 60 seconds exceeded in /home/ubuntu/workspace/interfree/vendor/symfony/http-foundation/Response.php on line 1266
[16-Sep-2017 22:25:32 Asia/Tokyo] PHP Fatal error:  Maximum execution time of 60 seconds exceeded in /home/ubuntu/workspace/interfree/storage/framework/views/099d1c78955c7d0620be25eac5e25c2280d52681.php on line 4
[16-Sep-2017 22:28:14 Asia/Tokyo] PHP Fatal error:  Maximum execution time of 60 seconds exceeded in /home/ubuntu/workspace/interfree/vendor/symfony/http-foundation/Response.php on line 1266
[17-Sep-2017 22:53:51 Asia/Tokyo] PHP Fatal error:  Maximum execution time of 60 seconds exceeded in /home/ubuntu/workspace/interfree/vendor/composer/ClassLoader.php on line 444
[17-Sep-2017 23:56:59 Asia/Tokyo] PHP Fatal error:  Maximum execution time of 60 seconds exceeded in /home/ubuntu/workspace/interfree/storage/framework/views/099d1c78955c7d0620be25eac5e25c2280d52681.php on line 4
[17-Sep-2017 23:58:04 Asia/Tokyo] PHP Fatal error:  Maximum execution time of 60 seconds exceeded in /home/ubuntu/workspace/interfree/vendor/symfony/http-foundation/Response.php on line 1266
[18-Sep-2017 00:01:02 Asia/Tokyo] PHP Fatal error:  Maximum execution time of 60 seconds exceeded in /home/ubuntu/workspace/interfree/storage/framework/views/099d1c78955c7d0620be25eac5e25c2280d52681.php on line 4
[18-Sep-2017 00:02:03 Asia/Tokyo] PHP Fatal error:  Maximum execution time of 60 seconds exceeded in /home/ubuntu/workspace/interfree/vendor/symfony/http-foundation/Response.php on line 371
[18-Sep-2017 00:03:07 Asia/Tokyo] PHP Fatal error:  Maximum execution time of 60 seconds exceeded in Unknown on line 0
